This file contains any messages produced by compilers while
running configure, to aid debugging if configure makes a mistake.

It was created by lib_mysqludf_xql configure 1.0.0, which was
generated by GNU Autoconf 2.64.  Invocation command line was

  $ ./configure 

## --------- ##
## Platform. ##
## --------- ##

hostname = arnold-laptop
uname -m = i686
uname -r = 2.6.31-14-generic
uname -s = Linux
uname -v = #48-Ubuntu SMP Fri Oct 16 14:04:26 UTC 2009

/usr/bin/uname -p = unknown
/bin/uname -X     = unknown

/bin/arch              = unknown
/usr/bin/arch -k       = unknown
/usr/convex/getsysinfo = unknown
/usr/bin/hostinfo      = unknown
/bin/machine           = unknown
/usr/bin/oslevel       = unknown
/bin/universe          = unknown

PATH: /usr/local/sbin
PATH: /usr/local/bin
PATH: /usr/sbin
PATH: /usr/bin
PATH: /sbin
PATH: /bin
PATH: /usr/bin/X11
PATH: /usr/games
PATH: /opt/zend/bin


## ----------- ##
## Core tests. ##
## ----------- ##

configure:2554: checking for a BSD-compatible install
configure:2622: result: /usr/bin/install -c
configure:2633: checking whether build environment is sane
configure:2683: result: yes
configure:2824: checking for a thread-safe mkdir -p
configure:2863: result: /bin/mkdir -p
configure:2876: checking for gawk
configure:2892: found /usr/bin/gawk
configure:2903: result: gawk
configure:2914: checking whether make sets $(MAKE)
configure:2936: result: yes
configure:3065: checking for gcc
configure:3081: found /usr/bin/gcc
configure:3092: result: gcc
configure:3321: checking for C compiler version
configure:3330: gcc --version >&5
gcc (Ubuntu 4.4.1-4ubuntu8) 4.4.1
Copyright (C) 2009 Free Software Foundation, Inc.
This is free software; see the source for copying conditions.  There is NO
warranty; not even for MERCHANTABILITY or FITNESS FOR A PARTICULAR PURPOSE.

configure:3341: $? = 0
configure:3330: gcc -v >&5
Using built-in specs.
Target: i486-linux-gnu
Configured with: ../src/configure -v --with-pkgversion='Ubuntu 4.4.1-4ubuntu8' --with-bugurl=file:///usr/share/doc/gcc-4.4/README.Bugs --enable-languages=c,c++,fortran,objc,obj-c++ --prefix=/usr --enable-shared --enable-multiarch --enable-linker-build-id --with-system-zlib --libexecdir=/usr/lib --without-included-gettext --enable-threads=posix --with-gxx-include-dir=/usr/include/c++/4.4 --program-suffix=-4.4 --enable-nls --enable-clocale=gnu --enable-libstdcxx-debug --enable-objc-gc --enable-targets=all --disable-werror --with-arch-32=i486 --with-tune=generic --enable-checking=release --build=i486-linux-gnu --host=i486-linux-gnu --target=i486-linux-gnu
Thread model: posix
gcc version 4.4.1 (Ubuntu 4.4.1-4ubuntu8) 
configure:3341: $? = 0
configure:3330: gcc -V >&5
gcc: '-V' option must have argument
configure:3341: $? = 1
configure:3330: gcc -qversion >&5
gcc: unrecognized option '-qversion'
gcc: no input files
configure:3341: $? = 1
configure:3363: checking for C compiler default output file name
configure:3385: gcc    conftest.c  >&5
configure:3389: $? = 0
configure:3426: result: a.out
configure:3442: checking whether the C compiler works
configure:3451: ./a.out
configure:3455: $? = 0
configure:3470: result: yes
configure:3477: checking whether we are cross compiling
configure:3479: result: no
configure:3482: checking for suffix of executables
configure:3489: gcc -o conftest    conftest.c  >&5
configure:3493: $? = 0
configure:3515: result: 
configure:3521: checking for suffix of object files
configure:3543: gcc -c   conftest.c >&5
configure:3547: $? = 0
configure:3568: result: o
configure:3572: checking whether we are using the GNU C compiler
configure:3591: gcc -c   conftest.c >&5
configure:3591: $? = 0
configure:3600: result: yes
configure:3609: checking whether gcc accepts -g
configure:3629: gcc -c -g  conftest.c >&5
configure:3629: $? = 0
configure:3670: result: yes
configure:3687: checking for gcc option to accept ISO C89
configure:3751: gcc  -c -g -O2  conftest.c >&5
configure:3751: $? = 0
configure:3764: result: none needed
configure:3795: checking for style of include used by make
configure:3823: result: GNU
configure:3848: checking dependency style of gcc
configure:3958: result: gcc3
configure:4031: checking for g++
configure:4047: found /usr/bin/g++
configure:4058: result: g++
configure:4085: checking for C++ compiler version
configure:4094: g++ --version >&5
g++ (Ubuntu 4.4.1-4ubuntu8) 4.4.1
Copyright (C) 2009 Free Software Foundation, Inc.
This is free software; see the source for copying conditions.  There is NO
warranty; not even for MERCHANTABILITY or FITNESS FOR A PARTICULAR PURPOSE.

configure:4105: $? = 0
configure:4094: g++ -v >&5
Using built-in specs.
Target: i486-linux-gnu
Configured with: ../src/configure -v --with-pkgversion='Ubuntu 4.4.1-4ubuntu8' --with-bugurl=file:///usr/share/doc/gcc-4.4/README.Bugs --enable-languages=c,c++,fortran,objc,obj-c++ --prefix=/usr --enable-shared --enable-multiarch --enable-linker-build-id --with-system-zlib --libexecdir=/usr/lib --without-included-gettext --enable-threads=posix --with-gxx-include-dir=/usr/include/c++/4.4 --program-suffix=-4.4 --enable-nls --enable-clocale=gnu --enable-libstdcxx-debug --enable-objc-gc --enable-targets=all --disable-werror --with-arch-32=i486 --with-tune=generic --enable-checking=release --build=i486-linux-gnu --host=i486-linux-gnu --target=i486-linux-gnu
Thread model: posix
gcc version 4.4.1 (Ubuntu 4.4.1-4ubuntu8) 
configure:4105: $? = 0
configure:4094: g++ -V >&5
g++: '-V' option must have argument
configure:4105: $? = 1
configure:4094: g++ -qversion >&5
g++: unrecognized option '-qversion'
g++: no input files
configure:4105: $? = 1
configure:4109: checking whether we are using the GNU C++ compiler
configure:4128: g++ -c   conftest.cpp >&5
configure:4128: $? = 0
configure:4137: result: yes
configure:4146: checking whether g++ accepts -g
configure:4166: g++ -c -g  conftest.cpp >&5
configure:4166: $? = 0
configure:4207: result: yes
configure:4232: checking dependency style of g++
configure:4342: result: gcc3
configure:4386: checking build system type
configure:4400: result: i686-pc-linux-gnu
configure:4420: checking host system type
configure:4433: result: i686-pc-linux-gnu
configure:4453: checking for a sed that does not truncate output
configure:4517: result: /bin/sed
configure:4535: checking for grep that handles long lines and -e
configure:4593: result: /bin/grep
configure:4598: checking for egrep
configure:4660: result: /bin/grep -E
configure:4665: checking for fgrep
configure:4727: result: /bin/grep -F
configure:4762: checking for ld used by gcc
configure:4829: result: /usr/bin/ld
configure:4836: checking if the linker (/usr/bin/ld) is GNU ld
configure:4851: result: yes
configure:4863: checking for BSD- or MS-compatible name lister (nm)
configure:4912: result: /usr/bin/nm -B
configure:5030: checking the name lister (/usr/bin/nm -B) interface
configure:5037: gcc -c -g -O2  conftest.c >&5
configure:5040: /usr/bin/nm -B "conftest.o"
configure:5043: output
00000000 B some_variable
configure:5050: result: BSD nm
configure:5053: checking whether ln -s works
configure:5057: result: yes
configure:5065: checking the maximum length of command line arguments
configure:5185: result: 1572864
configure:5202: checking whether the shell understands some XSI constructs
configure:5212: result: yes
configure:5216: checking whether the shell understands "+="
configure:5222: result: yes
configure:5257: checking for /usr/bin/ld option to reload object files
configure:5264: result: -r
configure:5333: checking for objdump
configure:5349: found /usr/bin/objdump
configure:5360: result: objdump
configure:5392: checking how to recognize dependent libraries
configure:5588: result: pass_all
configure:5648: checking for ar
configure:5664: found /usr/bin/ar
configure:5675: result: ar
configure:5753: checking for strip
configure:5769: found /usr/bin/strip
configure:5780: result: strip
configure:5852: checking for ranlib
configure:5868: found /usr/bin/ranlib
configure:5879: result: ranlib
configure:5969: checking command to parse /usr/bin/nm -B output from gcc object
configure:6087: gcc -c -g -O2  conftest.c >&5
configure:6090: $? = 0
configure:6094: /usr/bin/nm -B conftest.o \| sed -n -e 's/^.*[	 ]\([ABCDGIRSTW][ABCDGIRSTW]*\)[	 ][	 ]*\([_A-Za-z][_A-Za-z0-9]*\)$/\1 \2 \2/p' \> conftest.nm
configure:6097: $? = 0
configure:6151: gcc -o conftest -g -O2   conftest.c conftstm.o >&5
configure:6154: $? = 0
configure:6192: result: ok
configure:7001: checking how to run the C preprocessor
configure:7032: gcc -E  conftest.c
configure:7032: $? = 0
configure:7046: gcc -E  conftest.c
conftest.c:11:28: error: ac_nonexistent.h: No such file or directory
configure:7046: $? = 1
configure: failed program was:
| /* confdefs.h */
| #define PACKAGE_NAME "lib_mysqludf_xql"
| #define PACKAGE_TARNAME "lib_mysqludf_xql"
| #define PACKAGE_VERSION "1.0.0"
| #define PACKAGE_STRING "lib_mysqludf_xql 1.0.0"
| #define PACKAGE_BUGREPORT "arnold@adaniels.nl"
| #define PACKAGE_URL ""
| #define PACKAGE "lib_mysqludf_xql"
| #define VERSION "1.0.0"
| /* end confdefs.h.  */
| #include <ac_nonexistent.h>
configure:7071: result: gcc -E
configure:7091: gcc -E  conftest.c
configure:7091: $? = 0
configure:7105: gcc -E  conftest.c
conftest.c:11:28: error: ac_nonexistent.h: No such file or directory
configure:7105: $? = 1
configure: failed program was:
| /* confdefs.h */
| #define PACKAGE_NAME "lib_mysqludf_xql"
| #define PACKAGE_TARNAME "lib_mysqludf_xql"
| #define PACKAGE_VERSION "1.0.0"
| #define PACKAGE_STRING "lib_mysqludf_xql 1.0.0"
| #define PACKAGE_BUGREPORT "arnold@adaniels.nl"
| #define PACKAGE_URL ""
| #define PACKAGE "lib_mysqludf_xql"
| #define VERSION "1.0.0"
| /* end confdefs.h.  */
| #include <ac_nonexistent.h>
configure:7134: checking for ANSI C header files
configure:7154: gcc -c -g -O2  conftest.c >&5
configure:7154: $? = 0
configure:7227: gcc -o conftest -g -O2   conftest.c  >&5
configure:7227: $? = 0
configure:7227: ./conftest
configure:7227: $? = 0
configure:7238: result: yes
configure:7251: checking for sys/types.h
configure:7251: gcc -c -g -O2  conftest.c >&5
configure:7251: $? = 0
configure:7251: result: yes
configure:7251: checking for sys/stat.h
configure:7251: gcc -c -g -O2  conftest.c >&5
configure:7251: $? = 0
configure:7251: result: yes
configure:7251: checking for stdlib.h
configure:7251: gcc -c -g -O2  conftest.c >&5
configure:7251: $? = 0
configure:7251: result: yes
configure:7251: checking for string.h
configure:7251: gcc -c -g -O2  conftest.c >&5
configure:7251: $? = 0
configure:7251: result: yes
configure:7251: checking for memory.h
configure:7251: gcc -c -g -O2  conftest.c >&5
configure:7251: $? = 0
configure:7251: result: yes
configure:7251: checking for strings.h
configure:7251: gcc -c -g -O2  conftest.c >&5
configure:7251: $? = 0
configure:7251: result: yes
configure:7251: checking for inttypes.h
configure:7251: gcc -c -g -O2  conftest.c >&5
configure:7251: $? = 0
configure:7251: result: yes
configure:7251: checking for stdint.h
configure:7251: gcc -c -g -O2  conftest.c >&5
configure:7251: $? = 0
configure:7251: result: yes
configure:7251: checking for unistd.h
configure:7251: gcc -c -g -O2  conftest.c >&5
configure:7251: $? = 0
configure:7251: result: yes
configure:7266: checking for dlfcn.h
configure:7266: gcc -c -g -O2  conftest.c >&5
configure:7266: $? = 0
configure:7266: result: yes
configure:7391: checking for C++ compiler version
configure:7400: g++ --version >&5
g++ (Ubuntu 4.4.1-4ubuntu8) 4.4.1
Copyright (C) 2009 Free Software Foundation, Inc.
This is free software; see the source for copying conditions.  There is NO
warranty; not even for MERCHANTABILITY or FITNESS FOR A PARTICULAR PURPOSE.

configure:7411: $? = 0
configure:7400: g++ -v >&5
Using built-in specs.
Target: i486-linux-gnu
Configured with: ../src/configure -v --with-pkgversion='Ubuntu 4.4.1-4ubuntu8' --with-bugurl=file:///usr/share/doc/gcc-4.4/README.Bugs --enable-languages=c,c++,fortran,objc,obj-c++ --prefix=/usr --enable-shared --enable-multiarch --enable-linker-build-id --with-system-zlib --libexecdir=/usr/lib --without-included-gettext --enable-threads=posix --with-gxx-include-dir=/usr/include/c++/4.4 --program-suffix=-4.4 --enable-nls --enable-clocale=gnu --enable-libstdcxx-debug --enable-objc-gc --enable-targets=all --disable-werror --with-arch-32=i486 --with-tune=generic --enable-checking=release --build=i486-linux-gnu --host=i486-linux-gnu --target=i486-linux-gnu
Thread model: posix
gcc version 4.4.1 (Ubuntu 4.4.1-4ubuntu8) 
configure:7411: $? = 0
configure:7400: g++ -V >&5
g++: '-V' option must have argument
configure:7411: $? = 1
configure:7400: g++ -qversion >&5
g++: unrecognized option '-qversion'
g++: no input files
configure:7411: $? = 1
configure:7415: checking whether we are using the GNU C++ compiler
configure:7443: result: yes
configure:7452: checking whether g++ accepts -g
configure:7513: result: yes
configure:7538: checking dependency style of g++
configure:7648: result: gcc3
configure:7671: checking how to run the C++ preprocessor
configure:7698: g++ -E  conftest.cpp
configure:7698: $? = 0
configure:7712: g++ -E  conftest.cpp
conftest.cpp:22:28: error: ac_nonexistent.h: No such file or directory
configure:7712: $? = 1
configure: failed program was:
| /* confdefs.h */
| #define PACKAGE_NAME "lib_mysqludf_xql"
| #define PACKAGE_TARNAME "lib_mysqludf_xql"
| #define PACKAGE_VERSION "1.0.0"
| #define PACKAGE_STRING "lib_mysqludf_xql 1.0.0"
| #define PACKAGE_BUGREPORT "arnold@adaniels.nl"
| #define PACKAGE_URL ""
| #define PACKAGE "lib_mysqludf_xql"
| #define VERSION "1.0.0"
| #define STDC_HEADERS 1
| #define HAVE_SYS_TYPES_H 1
| #define HAVE_SYS_STAT_H 1
| #define HAVE_STDLIB_H 1
| #define HAVE_STRING_H 1
| #define HAVE_MEMORY_H 1
| #define HAVE_STRINGS_H 1
| #define HAVE_INTTYPES_H 1
| #define HAVE_STDINT_H 1
| #define HAVE_UNISTD_H 1
| #define HAVE_DLFCN_H 1
| /* end confdefs.h.  */
| #include <ac_nonexistent.h>
configure:7737: result: g++ -E
configure:7757: g++ -E  conftest.cpp
configure:7757: $? = 0
configure:7771: g++ -E  conftest.cpp
conftest.cpp:22:28: error: ac_nonexistent.h: No such file or directory
configure:7771: $? = 1
configure: failed program was:
| /* confdefs.h */
| #define PACKAGE_NAME "lib_mysqludf_xql"
| #define PACKAGE_TARNAME "lib_mysqludf_xql"
| #define PACKAGE_VERSION "1.0.0"
| #define PACKAGE_STRING "lib_mysqludf_xql 1.0.0"
| #define PACKAGE_BUGREPORT "arnold@adaniels.nl"
| #define PACKAGE_URL ""
| #define PACKAGE "lib_mysqludf_xql"
| #define VERSION "1.0.0"
| #define STDC_HEADERS 1
| #define HAVE_SYS_TYPES_H 1
| #define HAVE_SYS_STAT_H 1
| #define HAVE_STDLIB_H 1
| #define HAVE_STRING_H 1
| #define HAVE_MEMORY_H 1
| #define HAVE_STRINGS_H 1
| #define HAVE_INTTYPES_H 1
| #define HAVE_STDINT_H 1
| #define HAVE_UNISTD_H 1
| #define HAVE_DLFCN_H 1
| /* end confdefs.h.  */
| #include <ac_nonexistent.h>
configure:7977: checking for objdir
configure:7992: result: .libs
configure:8288: checking if gcc supports -fno-rtti -fno-exceptions
configure:8306: gcc -c -g -O2  -fno-rtti -fno-exceptions conftest.c >&5
cc1: warning: command line option "-fno-rtti" is valid for C++/ObjC++ but not for C
configure:8310: $? = 0
configure:8323: result: no
configure:8343: checking for gcc option to produce PIC
configure:8615: result: -fPIC -DPIC
configure:8627: checking if gcc PIC flag -fPIC -DPIC works
configure:8645: gcc -c -g -O2  -fPIC -DPIC -DPIC conftest.c >&5
configure:8649: $? = 0
configure:8662: result: yes
configure:8686: checking if gcc static flag -static works
configure:8714: result: yes
configure:8729: checking if gcc supports -c -o file.o
configure:8750: gcc -c -g -O2  -o out/conftest2.o conftest.c >&5
configure:8754: $? = 0
configure:8776: result: yes
configure:8784: checking if gcc supports -c -o file.o
configure:8831: result: yes
configure:8864: checking whether the gcc linker (/usr/bin/ld) supports shared libraries
configure:9854: result: yes
configure:9891: checking whether -lc should be explicitly linked in
configure:9896: gcc -c -g -O2  conftest.c >&5
configure:9899: $? = 0
configure:9914: gcc -shared conftest.o  -v -Wl,-soname -Wl,conftest -o conftest 2\>\&1 \| /bin/grep  -lc  \>/dev/null 2\>\&1
configure:9917: $? = 0
configure:9929: result: no
configure:10093: checking dynamic linker characteristics
configure:10526: gcc -o conftest -g -O2   -Wl,-rpath -Wl,/foo conftest.c  >&5
configure:10526: $? = 0
configure:10756: result: GNU/Linux ld.so
configure:10858: checking how to hardcode library paths into programs
configure:10883: result: immediate
configure:11403: checking whether stripping libraries is possible
configure:11408: result: yes
configure:11443: checking if libtool supports shared libraries
configure:11445: result: yes
configure:11448: checking whether to build shared libraries
configure:11469: result: yes
configure:11472: checking whether to build static libraries
configure:11476: result: yes
configure:11626: checking for ld used by g++
configure:11693: result: /usr/bin/ld
configure:11700: checking if the linker (/usr/bin/ld) is GNU ld
configure:11715: result: yes
configure:11770: checking whether the g++ linker (/usr/bin/ld) supports shared libraries
configure:12683: result: yes
configure:12711: g++ -c -g -O2  conftest.cpp >&5
configure:12714: $? = 0
configure:12896: checking for g++ option to produce PIC
configure:13213: result: -fPIC -DPIC
configure:13222: checking if g++ PIC flag -fPIC -DPIC works
configure:13240: g++ -c -g -O2  -fPIC -DPIC -DPIC conftest.cpp >&5
configure:13244: $? = 0
configure:13257: result: yes
configure:13278: checking if g++ static flag -static works
configure:13306: result: yes
configure:13318: checking if g++ supports -c -o file.o
configure:13339: g++ -c -g -O2  -o out/conftest2.o conftest.cpp >&5
configure:13343: $? = 0
configure:13365: result: yes
configure:13370: checking if g++ supports -c -o file.o
configure:13417: result: yes
configure:13447: checking whether the g++ linker (/usr/bin/ld) supports shared libraries
configure:13476: result: yes
configure:13613: checking dynamic linker characteristics
configure:13994: g++ -o conftest -g -O2   -Wl,-rpath -Wl,/foo conftest.cpp  >&5
configure:13994: $? = 0
configure:14224: result: GNU/Linux ld.so
configure:14275: checking how to hardcode library paths into programs
configure:14300: result: immediate
configure:14440: checking for mysql_config
configure:14458: found /usr/bin/mysql_config
configure:14471: result: /usr/bin/mysql_config
configure:14482: checking for MySQL libraries
configure:14498: result: yes
configure:14559: setting libdir to mysql plugin dir /usr/lib/mysql/plugin
configure:14586: checking for libxml2
configure:14629: result: /usr/lib/xml2Conf.sh
configure:14678: checking for mysqlbin
configure:14756: checking for an ANSI C-conforming const
configure:14821: gcc -c -g -O2  conftest.c >&5
configure:14821: $? = 0
configure:14828: result: yes
configure:14836: checking for size_t
configure:14836: gcc -c -g -O2  conftest.c >&5
configure:14836: $? = 0
configure:14836: gcc -c -g -O2  conftest.c >&5
conftest.c: In function 'main':
conftest.c:61: error: expected expression before ')' token
configure:14836: $? = 1
configure: failed program was:
| /* confdefs.h */
| #define PACKAGE_NAME "lib_mysqludf_xql"
| #define PACKAGE_TARNAME "lib_mysqludf_xql"
| #define PACKAGE_VERSION "1.0.0"
| #define PACKAGE_STRING "lib_mysqludf_xql 1.0.0"
| #define PACKAGE_BUGREPORT "arnold@adaniels.nl"
| #define PACKAGE_URL ""
| #define PACKAGE "lib_mysqludf_xql"
| #define VERSION "1.0.0"
| #define STDC_HEADERS 1
| #define HAVE_SYS_TYPES_H 1
| #define HAVE_SYS_STAT_H 1
| #define HAVE_STDLIB_H 1
| #define HAVE_STRING_H 1
| #define HAVE_MEMORY_H 1
| #define HAVE_STRINGS_H 1
| #define HAVE_INTTYPES_H 1
| #define HAVE_STDINT_H 1
| #define HAVE_UNISTD_H 1
| #define HAVE_DLFCN_H 1
| #define LT_OBJDIR ".libs/"
| #define HAVE_MYSQL 1
| #define XML2_ENABLED 1
| /* end confdefs.h.  */
| #include <stdio.h>
| #ifdef HAVE_SYS_TYPES_H
| # include <sys/types.h>
| #endif
| #ifdef HAVE_SYS_STAT_H
| # include <sys/stat.h>
| #endif
| #ifdef STDC_HEADERS
| # include <stdlib.h>
| # include <stddef.h>
| #else
| # ifdef HAVE_STDLIB_H
| #  include <stdlib.h>
| # endif
| #endif
| #ifdef HAVE_STRING_H
| # if !defined STDC_HEADERS && defined HAVE_MEMORY_H
| #  include <memory.h>
| # endif
| # include <string.h>
| #endif
| #ifdef HAVE_STRINGS_H
| # include <strings.h>
| #endif
| #ifdef HAVE_INTTYPES_H
| # include <inttypes.h>
| #endif
| #ifdef HAVE_STDINT_H
| # include <stdint.h>
| #endif
| #ifdef HAVE_UNISTD_H
| # include <unistd.h>
| #endif
| int
| main ()
| {
| if (sizeof ((size_t)))
| 	    return 0;
|   ;
|   return 0;
| }
configure:14836: result: yes
configure:14850: checking limits.h usability
configure:14850: gcc -c -g -O2  conftest.c >&5
configure:14850: $? = 0
configure:14850: result: yes
configure:14850: checking limits.h presence
configure:14850: gcc -E  conftest.c
configure:14850: $? = 0
configure:14850: result: yes
configure:14850: checking for limits.h
configure:14850: result: yes
configure:14850: checking syslimits.h usability
configure:14850: gcc -c -g -O2  conftest.c >&5
In file included from /usr/lib/gcc/i486-linux-gnu/4.4.1/include-fixed/syslimits.h:7,
                 from conftest.c:59:
/usr/include/limits.h:125:26: error: no include path in which to search for limits.h
configure:14850: $? = 1
configure: failed program was:
| /* confdefs.h */
| #define PACKAGE_NAME "lib_mysqludf_xql"
| #define PACKAGE_TARNAME "lib_mysqludf_xql"
| #define PACKAGE_VERSION "1.0.0"
| #define PACKAGE_STRING "lib_mysqludf_xql 1.0.0"
| #define PACKAGE_BUGREPORT "arnold@adaniels.nl"
| #define PACKAGE_URL ""
| #define PACKAGE "lib_mysqludf_xql"
| #define VERSION "1.0.0"
| #define STDC_HEADERS 1
| #define HAVE_SYS_TYPES_H 1
| #define HAVE_SYS_STAT_H 1
| #define HAVE_STDLIB_H 1
| #define HAVE_STRING_H 1
| #define HAVE_MEMORY_H 1
| #define HAVE_STRINGS_H 1
| #define HAVE_INTTYPES_H 1
| #define HAVE_STDINT_H 1
| #define HAVE_UNISTD_H 1
| #define HAVE_DLFCN_H 1
| #define LT_OBJDIR ".libs/"
| #define HAVE_MYSQL 1
| #define XML2_ENABLED 1
| #define HAVE_LIMITS_H 1
| /* end confdefs.h.  */
| #include <stdio.h>
| #ifdef HAVE_SYS_TYPES_H
| # include <sys/types.h>
| #endif
| #ifdef HAVE_SYS_STAT_H
| # include <sys/stat.h>
| #endif
| #ifdef STDC_HEADERS
| # include <stdlib.h>
| # include <stddef.h>
| #else
| # ifdef HAVE_STDLIB_H
| #  include <stdlib.h>
| # endif
| #endif
| #ifdef HAVE_STRING_H
| # if !defined STDC_HEADERS && defined HAVE_MEMORY_H
| #  include <memory.h>
| # endif
| # include <string.h>
| #endif
| #ifdef HAVE_STRINGS_H
| # include <strings.h>
| #endif
| #ifdef HAVE_INTTYPES_H
| # include <inttypes.h>
| #endif
| #ifdef HAVE_STDINT_H
| # include <stdint.h>
| #endif
| #ifdef HAVE_UNISTD_H
| # include <unistd.h>
| #endif
| #include <syslimits.h>
configure:14850: result: no
configure:14850: checking syslimits.h presence
configure:14850: gcc -E  conftest.c
In file included from /usr/lib/gcc/i486-linux-gnu/4.4.1/include-fixed/syslimits.h:7,
                 from conftest.c:26:
/usr/include/limits.h:125:26: error: no include path in which to search for limits.h
configure:14850: $? = 1
configure: failed program was:
| /* confdefs.h */
| #define PACKAGE_NAME "lib_mysqludf_xql"
| #define PACKAGE_TARNAME "lib_mysqludf_xql"
| #define PACKAGE_VERSION "1.0.0"
| #define PACKAGE_STRING "lib_mysqludf_xql 1.0.0"
| #define PACKAGE_BUGREPORT "arnold@adaniels.nl"
| #define PACKAGE_URL ""
| #define PACKAGE "lib_mysqludf_xql"
| #define VERSION "1.0.0"
| #define STDC_HEADERS 1
| #define HAVE_SYS_TYPES_H 1
| #define HAVE_SYS_STAT_H 1
| #define HAVE_STDLIB_H 1
| #define HAVE_STRING_H 1
| #define HAVE_MEMORY_H 1
| #define HAVE_STRINGS_H 1
| #define HAVE_INTTYPES_H 1
| #define HAVE_STDINT_H 1
| #define HAVE_UNISTD_H 1
| #define HAVE_DLFCN_H 1
| #define LT_OBJDIR ".libs/"
| #define HAVE_MYSQL 1
| #define XML2_ENABLED 1
| #define HAVE_LIMITS_H 1
| /* end confdefs.h.  */
| #include <syslimits.h>
configure:14850: result: no
configure:14850: checking for syslimits.h
configure:14850: result: no
configure:14989: creating ./config.status

## ---------------------- ##
## Running config.status. ##
## ---------------------- ##

This file was extended by lib_mysqludf_xql config.status 1.0.0, which was
generated by GNU Autoconf 2.64.  Invocation command line was

  CONFIG_FILES    = 
  CONFIG_HEADERS  = 
  CONFIG_LINKS    = 
  CONFIG_COMMANDS = 
  $ ./config.status 

on arnold-laptop

config.status:1134: creating Makefile
config.status:1134: creating config.h
config.status:1306: config.h is unchanged
config.status:1354: executing depfiles commands
config.status:1354: executing libtool commands

## ---------------- ##
## Cache variables. ##
## ---------------- ##

ac_cv_build=i686-pc-linux-gnu
ac_cv_c_compiler_gnu=yes
ac_cv_c_const=yes
ac_cv_cxx_compiler_gnu=yes
ac_cv_env_CCC_set=
ac_cv_env_CCC_value=
ac_cv_env_CC_set=
ac_cv_env_CC_value=
ac_cv_env_CFLAGS_set=
ac_cv_env_CFLAGS_value=
ac_cv_env_CPPFLAGS_set=
ac_cv_env_CPPFLAGS_value=
ac_cv_env_CPP_set=
ac_cv_env_CPP_value=
ac_cv_env_CXXCPP_set=
ac_cv_env_CXXCPP_value=
ac_cv_env_CXXFLAGS_set=
ac_cv_env_CXXFLAGS_value=
ac_cv_env_CXX_set=
ac_cv_env_CXX_value=
ac_cv_env_LDFLAGS_set=
ac_cv_env_LDFLAGS_value=
ac_cv_env_LIBS_set=
ac_cv_env_LIBS_value=
ac_cv_env_build_alias_set=
ac_cv_env_build_alias_value=
ac_cv_env_host_alias_set=
ac_cv_env_host_alias_value=
ac_cv_env_target_alias_set=
ac_cv_env_target_alias_value=
ac_cv_header_dlfcn_h=yes
ac_cv_header_inttypes_h=yes
ac_cv_header_limits_h=yes
ac_cv_header_memory_h=yes
ac_cv_header_stdc=yes
ac_cv_header_stdint_h=yes
ac_cv_header_stdlib_h=yes
ac_cv_header_string_h=yes
ac_cv_header_strings_h=yes
ac_cv_header_sys_stat_h=yes
ac_cv_header_sys_types_h=yes
ac_cv_header_syslimits_h=no
ac_cv_header_unistd_h=yes
ac_cv_host=i686-pc-linux-gnu
ac_cv_objext=o
ac_cv_path_EGREP='/bin/grep -E'
ac_cv_path_FGREP='/bin/grep -F'
ac_cv_path_GREP=/bin/grep
ac_cv_path_MYSQL_CONFIG=/usr/bin/mysql_config
ac_cv_path_SED=/bin/sed
ac_cv_path_install='/usr/bin/install -c'
ac_cv_path_mkdir=/bin/mkdir
ac_cv_prog_AWK=gawk
ac_cv_prog_CPP='gcc -E'
ac_cv_prog_CXXCPP='g++ -E'
ac_cv_prog_ac_ct_AR=ar
ac_cv_prog_ac_ct_CC=gcc
ac_cv_prog_ac_ct_CXX=g++
ac_cv_prog_ac_ct_OBJDUMP=objdump
ac_cv_prog_ac_ct_RANLIB=ranlib
ac_cv_prog_ac_ct_STRIP=strip
ac_cv_prog_cc_c89=
ac_cv_prog_cc_g=yes
ac_cv_prog_cxx_g=yes
ac_cv_prog_make_make_set=yes
ac_cv_type_size_t=yes
am_cv_CC_dependencies_compiler_type=gcc3
am_cv_CXX_dependencies_compiler_type=gcc3
lt_cv_deplibs_check_method=pass_all
lt_cv_file_magic_cmd='$MAGIC_CMD'
lt_cv_file_magic_test_file=
lt_cv_ld_reload_flag=-r
lt_cv_nm_interface='BSD nm'
lt_cv_objdir=.libs
lt_cv_path_LD=/usr/bin/ld
lt_cv_path_LDCXX=/usr/bin/ld
lt_cv_path_NM='/usr/bin/nm -B'
lt_cv_prog_compiler_c_o=yes
lt_cv_prog_compiler_c_o_CXX=yes
lt_cv_prog_compiler_pic_works=yes
lt_cv_prog_compiler_pic_works_CXX=yes
lt_cv_prog_compiler_rtti_exceptions=no
lt_cv_prog_compiler_static_works=yes
lt_cv_prog_compiler_static_works_CXX=yes
lt_cv_prog_gnu_ld=yes
lt_cv_prog_gnu_ldcxx=yes
lt_cv_sys_global_symbol_pipe='sed -n -e '\''s/^.*[	 ]\([ABCDGIRSTW][ABCDGIRSTW]*\)[	 ][	 ]*\([_A-Za-z][_A-Za-z0-9]*\)$/\1 \2 \2/p'\'''
lt_cv_sys_global_symbol_to_c_name_address='sed -n -e '\''s/^: \([^ ]*\) $/  {\"\1\", (void *) 0},/p'\'' -e '\''s/^[ABCDGIRSTW]* \([^ ]*\) \([^ ]*\)$/  {"\2", (void *) \&\2},/p'\'''
lt_cv_sys_global_symbol_to_c_name_address_lib_prefix='sed -n -e '\''s/^: \([^ ]*\) $/  {\"\1\", (void *) 0},/p'\'' -e '\''s/^[ABCDGIRSTW]* \([^ ]*\) \(lib[^ ]*\)$/  {"\2", (void *) \&\2},/p'\'' -e '\''s/^[ABCDGIRSTW]* \([^ ]*\) \([^ ]*\)$/  {"lib\2", (void *) \&\2},/p'\'''
lt_cv_sys_global_symbol_to_cdecl='sed -n -e '\''s/^T .* \(.*\)$/extern int \1();/p'\'' -e '\''s/^[ABCDGIRSTW]* .* \(.*\)$/extern char \1;/p'\'''
lt_cv_sys_max_cmd_len=1572864

## ----------------- ##
## Output variables. ##
## ----------------- ##

ACLOCAL='${SHELL} /home/arnold/projects/lib_mysqludf_xql/config/missing --run aclocal-1.11'
AMDEPBACKSLASH='\'
AMDEP_FALSE='#'
AMDEP_TRUE=''
AMTAR='${SHELL} /home/arnold/projects/lib_mysqludf_xql/config/missing --run tar'
AR='ar'
AUTOCONF='${SHELL} /home/arnold/projects/lib_mysqludf_xql/config/missing --run autoconf'
AUTOHEADER='${SHELL} /home/arnold/projects/lib_mysqludf_xql/config/missing --run autoheader'
AUTOMAKE='${SHELL} /home/arnold/projects/lib_mysqludf_xql/config/missing --run automake-1.11'
AWK='gawk'
CC='gcc'
CCDEPMODE='depmode=gcc3'
CFLAGS='-g -O2'
CPP='gcc -E'
CPPFLAGS=''
CXX='g++'
CXXCPP='g++ -E'
CXXDEPMODE='depmode=gcc3'
CXXFLAGS='-g -O2'
CYGPATH_W='echo'
DEFS='-DHAVE_CONFIG_H'
DEPDIR='.deps'
DSYMUTIL=''
DUMPBIN=''
ECHO_C=''
ECHO_N='-n'
ECHO_T=''
EGREP='/bin/grep -E'
EXEEXT=''
FGREP='/bin/grep -F'
GREP='/bin/grep'
INSTALL_DATA='${INSTALL} -m 644'
INSTALL_PROGRAM='${INSTALL}'
INSTALL_SCRIPT='${INSTALL}'
INSTALL_STRIP_PROGRAM='$(install_sh) -c -s'
LD='/usr/bin/ld'
LDFLAGS=''
LIBOBJS=''
LIBS=''
LIBTOOL='$(SHELL) $(top_builddir)/libtool'
LIPO=''
LN_S='ln -s'
LTLIBOBJS=''
MAKEINFO='${SHELL} /home/arnold/projects/lib_mysqludf_xql/config/missing --run makeinfo'
MKDIR_P='/bin/mkdir -p'
MYSQL='/usr/bin/mysql --defaults-file=/etc/mysql/debian.cnf'
MYSQLADMIN='/usr/bin/mysqladmin --defaults-file=/etc/mysql/debian.cnf'
MYSQLTEST='/usr/bin/mysqltest --defaults-file=/etc/mysql/debian.cnf'
MYSQL_CFLAGS='-I/usr/include/mysql  -DBIG_JOINS=1  -fno-strict-aliasing   -DUNIV_LINUX'
MYSQL_CONFIG='/usr/bin/mysql_config'
MYSQL_LDFLAGS='-Wl,-Bsymbolic-functions -rdynamic -L/usr/lib/mysql -lmysqlclient'
MYSQL_PLUGINDIR='/usr/lib/mysql/plugin'
MYSQL_VERSION='5.1.37'
NM='/usr/bin/nm -B'
NMEDIT=''
OBJDUMP='objdump'
OBJEXT='o'
OTOOL64=''
OTOOL=''
PACKAGE='lib_mysqludf_xql'
PACKAGE_BUGREPORT='arnold@adaniels.nl'
PACKAGE_NAME='lib_mysqludf_xql'
PACKAGE_STRING='lib_mysqludf_xql 1.0.0'
PACKAGE_TARNAME='lib_mysqludf_xql'
PACKAGE_URL=''
PACKAGE_VERSION='1.0.0'
PATH_SEPARATOR=':'
RANLIB='ranlib'
SED='/bin/sed'
SET_MAKE=''
SHELL='/bin/bash'
STRIP='strip'
VERSION='1.0.0'
XML2_INCLUDEDIR='-I/usr/include/libxml2'
XML2_LIBDIR='-L/usr/lib'
XML2_LIBS='-lxml2'
ac_ct_CC='gcc'
ac_ct_CXX='g++'
ac_ct_DUMPBIN=''
am__EXEEXT_FALSE=''
am__EXEEXT_TRUE='#'
am__fastdepCC_FALSE='#'
am__fastdepCC_TRUE=''
am__fastdepCXX_FALSE='#'
am__fastdepCXX_TRUE=''
am__include='include'
am__isrc=''
am__leading_dot='.'
am__quote=''
am__tar='${AMTAR} chof - "$$tardir"'
am__untar='${AMTAR} xf -'
bindir='${exec_prefix}/bin'
build='i686-pc-linux-gnu'
build_alias=''
build_cpu='i686'
build_os='linux-gnu'
build_vendor='pc'
datadir='${datarootdir}'
datarootdir='${prefix}/share'
docdir='${datarootdir}/doc/${PACKAGE_TARNAME}'
dvidir='${docdir}'
exec_prefix='${prefix}'
host='i686-pc-linux-gnu'
host_alias=''
host_cpu='i686'
host_os='linux-gnu'
host_vendor='pc'
htmldir='${docdir}'
includedir='${prefix}/include'
infodir='${datarootdir}/info'
install_sh='${SHELL} /home/arnold/projects/lib_mysqludf_xql/config/install-sh'
libdir='/usr/lib/mysql/plugin'
libexecdir='${exec_prefix}/libexec'
localedir='${datarootdir}/locale'
localstatedir='${prefix}/var'
lt_ECHO='echo'
mandir='${datarootdir}/man'
mkdir_p='/bin/mkdir -p'
oldincludedir='/usr/include'
pdfdir='${docdir}'
prefix='/usr/local'
program_transform_name='s,x,x,'
psdir='${docdir}'
sbindir='${exec_prefix}/sbin'
sharedstatedir='${prefix}/com'
sysconfdir='${prefix}/etc'
target_alias=''

## ----------- ##
## confdefs.h. ##
## ----------- ##

/* confdefs.h */
#define PACKAGE_NAME "lib_mysqludf_xql"
#define PACKAGE_TARNAME "lib_mysqludf_xql"
#define PACKAGE_VERSION "1.0.0"
#define PACKAGE_STRING "lib_mysqludf_xql 1.0.0"
#define PACKAGE_BUGREPORT "arnold@adaniels.nl"
#define PACKAGE_URL ""
#define PACKAGE "lib_mysqludf_xql"
#define VERSION "1.0.0"
#define STDC_HEADERS 1
#define HAVE_SYS_TYPES_H 1
#define HAVE_SYS_STAT_H 1
#define HAVE_STDLIB_H 1
#define HAVE_STRING_H 1
#define HAVE_MEMORY_H 1
#define HAVE_STRINGS_H 1
#define HAVE_INTTYPES_H 1
#define HAVE_STDINT_H 1
#define HAVE_UNISTD_H 1
#define HAVE_DLFCN_H 1
#define LT_OBJDIR ".libs/"
#define HAVE_MYSQL 1
#define XML2_ENABLED 1
#define HAVE_LIMITS_H 1

configure: exit 0
